{
  "RSpec": {
    "coverage": {
      "/Users/kelsieporter/turing/mod_3/projects/lunch-n-learn/spec/requests/api/v1/recipes/recipe_request_spec.rb": {
        "lines": [
          1,
          null,
          1,
          1,
          3,
          null,
          null,
          null,
          null,
          1,
          1,
          1,
          null,
          1,
          null,
          1,
          1,
          1,
          1,
          1,
          null,
          1,
          20,
          20,
          20,
          20,
          20,
          20,
          20,
          20,
          20,
          20,
          20,
          20,
          20,
          20,
          null,
          20,
          20,
          20,
          null,
          null,
          null,
          1,
          null,
          null,
          1,
          null,
          1,
          1,
          null,
          1,
          null,
          1,
          1,
          1,
          null,
          1,
          0,
          0,
          0,
          0,
          0,
          0,
          0,
          0,
          0,
          0,
          0,
          0,
          0,
          0,
          null,
          0,
          0,
          0,
          null,
          null,
          null,
          1,
          1,
          null,
          1,
          1,
          null,
          1,
          null,
          1,
          1,
          1,
          1,
          null,
          null,
          null
        ]
      },
      "/Users/kelsieporter/turing/mod_3/projects/lunch-n-learn/spec/rails_helper.rb": {
        "lines": [
          null,
          1,
          1,
          1,
          null,
          1,
          1,
          null,
          null,
          null,
          null,
          null,
          null,
          null,
          null,
          null,
          null,
          null,
          null,
          null,
          null,
          null,
          null,
          null,
          null,
          null,
          null,
          1,
          null,
          0,
          0,
          null,
          1,
          null,
          1,
          null,
          null,
          null,
          null,
          1,
          null,
          null,
          null,
          null,
          null,
          null,
          null,
          null,
          null,
          null,
          null,
          null,
          null,
          null,
          null,
          null,
          null,
          1,
          null,
          null,
          1,
          null,
          null,
          null,
          1,
          1,
          1,
          1,
          null,
          null,
          null,
          1,
          1,
          null,
          null
        ]
      },
      "/Users/kelsieporter/turing/mod_3/projects/lunch-n-learn/config/environment.rb": {
        "lines": [
          null,
          1,
          null,
          null,
          1
        ]
      },
      "/Users/kelsieporter/turing/mod_3/projects/lunch-n-learn/config/application.rb": {
        "lines": [
          1,
          null,
          1,
          null,
          1,
          1,
          1,
          1,
          1,
          1,
          1,
          1,
          null,
          null,
          null,
          null,
          null,
          1,
          null,
          1,
          1,
          null,
          1,
          null,
          null,
          null,
          null,
          null,
          null,
          null,
          null,
          null,
          1,
          null,
          null
        ]
      },
      "/Users/kelsieporter/turing/mod_3/projects/lunch-n-learn/config/boot.rb": {
        "lines": [
          1,
          null,
          1,
          1
        ]
      },
      "/Users/kelsieporter/turing/mod_3/projects/lunch-n-learn/config/environments/test.rb": {
        "lines": [
          1,
          null,
          null,
          null,
          null,
          null,
          null,
          1,
          null,
          null,
          null,
          null,
          1,
          null,
          null,
          1,
          1,
          null,
          null,
          null,
          null,
          1,
          1,
          null,
          null,
          1,
          null,
          null,
          1,
          null,
          null,
          1,
          null,
          1,
          null,
          null,
          null,
          null,
          1,
          null,
          null,
          1,
          null,
          null,
          null,
          null
        ]
      },
      "/Users/kelsieporter/turing/mod_3/projects/lunch-n-learn/config/initializers/application_controller_renderer.rb": {
        "lines": [
          null,
          null,
          null,
          null,
          null,
          null,
          null,
          null
        ]
      },
      "/Users/kelsieporter/turing/mod_3/projects/lunch-n-learn/config/initializers/backtrace_silencers.rb": {
        "lines": [
          null,
          null,
          null,
          null,
          null,
          null,
          null
        ]
      },
      "/Users/kelsieporter/turing/mod_3/projects/lunch-n-learn/config/initializers/cors.rb": {
        "lines": [
          null,
          null,
          null,
          null,
          null,
          null,
          null,
          null,
          null,
          null,
          null,
          null,
          null,
          null,
          null,
          null
        ]
      },
      "/Users/kelsieporter/turing/mod_3/projects/lunch-n-learn/config/initializers/filter_parameter_logging.rb": {
        "lines": [
          null,
          null,
          null,
          1
        ]
      },
      "/Users/kelsieporter/turing/mod_3/projects/lunch-n-learn/config/initializers/inflections.rb": {
        "lines": [
          null,
          null,
          null,
          null,
          null,
          null,
          null,
          null,
          null,
          null,
          null,
          null,
          null,
          null,
          null,
          null
        ]
      },
      "/Users/kelsieporter/turing/mod_3/projects/lunch-n-learn/config/initializers/mime_types.rb": {
        "lines": [
          null,
          null,
          null,
          null
        ]
      },
      "/Users/kelsieporter/turing/mod_3/projects/lunch-n-learn/config/initializers/wrap_parameters.rb": {
        "lines": [
          null,
          null,
          null,
          null,
          null,
          null,
          1,
          2,
          null,
          null,
          null,
          null,
          null,
          null
        ]
      },
      "/Users/kelsieporter/turing/mod_3/projects/lunch-n-learn/config/routes.rb": {
        "lines": [
          1,
          null,
          1,
          1,
          1,
          null,
          null,
          null
        ]
      },
      "/Users/kelsieporter/turing/mod_3/projects/lunch-n-learn/app/controllers/api/v1/recipes_controller.rb": {
        "lines": [
          1,
          1,
          3,
          2,
          null,
          1,
          1,
          null,
          null,
          3,
          null,
          null
        ]
      },
      "/Users/kelsieporter/turing/mod_3/projects/lunch-n-learn/app/controllers/application_controller.rb": {
        "lines": [
          1,
          null
        ]
      },
      "/Users/kelsieporter/turing/mod_3/projects/lunch-n-learn/app/facade/recipe_facade.rb": {
        "lines": [
          1,
          1,
          3,
          3,
          20,
          null,
          null,
          null
        ]
      },
      "/Users/kelsieporter/turing/mod_3/projects/lunch-n-learn/app/services/recipe_service.rb": {
        "lines": [
          1,
          1,
          3,
          3,
          null,
          null,
          1,
          null,
          1,
          3,
          null,
          null,
          1,
          3,
          null,
          null
        ]
      },
      "/Users/kelsieporter/turing/mod_3/projects/lunch-n-learn/app/poros/recipe.rb": {
        "lines": [
          1,
          1,
          null,
          null,
          null,
          null,
          1,
          20,
          20,
          20,
          20,
          null,
          null
        ]
      },
      "/Users/kelsieporter/turing/mod_3/projects/lunch-n-learn/app/serializers/recipe_serializer.rb": {
        "lines": [
          1,
          1,
          null,
          21,
          1,
          null,
          null,
          null,
          null,
          null
        ]
      },
      "/Users/kelsieporter/turing/mod_3/projects/lunch-n-learn/app/facade/country_facade.rb": {
        "lines": [
          1,
          null,
          1,
          1,
          1,
          null,
          null
        ]
      },
      "/Users/kelsieporter/turing/mod_3/projects/lunch-n-learn/app/services/country_service.rb": {
        "lines": [
          1,
          null,
          1,
          1,
          1,
          null,
          null,
          1,
          null,
          1,
          1,
          null,
          null,
          1,
          1,
          null,
          null
        ]
      },
      "/Users/kelsieporter/turing/mod_3/projects/lunch-n-learn/app/poros/country.rb": {
        "lines": [
          1,
          1,
          null,
          1,
          1,
          null,
          null
        ]
      }
    },
    "timestamp": 1678042094
  }
}
